<?xml version="1.0" encoding="UTF-8"?>
<!-- Generated by org.testng.reporters.JUnitXMLReporter -->
<testsuite hostname="lp-ivan-ivanov" ignored="0" tests="8" failures="0" timestamp="2022-04-05T09:45:48 EEST" time="0.045" errors="0">
  <testcase name="testCowConstructing" time="0.006" classname="CowTest"/>
  <testcase name="testHenConstructing" time="0.001" classname="BullTest"/>
  <testcase name="addingAnimalsToTheFarm" time="0.001" classname="FarmTest"/>
  <testcase name="removingAnimalsWithButchering" time="0.002" classname="FarmTest"/>
  <testcase name="testHenConstructing" time="0.0" classname="HenTest"/>
  <testcase name="testSowConstructing" time="0.0" classname="SowTest"/>
  <testcase name="testHenConstructing" time="0.001" classname="RoosterTest"/>
  <testcase name="testHenConstructing" time="0.0" classname="BoarTest"/>
</testsuite>
