<?xml version="1.0" encoding="UTF-8" ?>
<testsuite tests="8" failures="0" name="TestSuite" time="0.013" errors="0" skipped="0">
  <properties>
[...]
</properties>
  <testcase classname="CowTest" name="testCowConstructing" time="0.006"/>
  <testcase classname="BullTest" name="testHenConstructing" time="0.001"/>
  <testcase classname="FarmTest" name="addingAnimalsToTheFarm" time="0.002"/>
  <testcase classname="FarmTest" name="removingAnimalsWithButchering" time="0.002"/>
  <testcase classname="HenTest" name="testHenConstructing" time="0"/>
  <testcase classname="SowTest" name="testSowConstructing" time="0"/>
  <testcase classname="RoosterTest" name="testHenConstructing" time="0.002"/>
  <testcase classname="BoarTest" name="testHenConstructing" time="0"/>
</testsuite>